2022-12-12 22:47:17,848 - __init__ - WARNING - User test3 with role id 1 was added by root
2022-12-12 23:18:08,252 - werkzeug - WARNING -  * Debugger is active!
2022-12-12 23:18:41,419 - __init__ - WARNING - User 111111111111111111111111111111111111111111111 with role id 1 was added by root
2022-12-13 17:40:49,491 - werkzeug - WARNING -  * Debugger is active!
2022-12-13 19:15:17,372 - werkzeug - WARNING -  * Debugger is active!
2022-12-13 19:17:16,890 - werkzeug - WARNING -  * Debugger is active!
2022-12-13 19:21:33,936 - werkzeug - WARNING -  * Debugger is active!
2022-12-13 19:22:21,378 - werkzeug - WARNING -  * Debugger is active!
2022-12-13 19:22:46,274 - __init__ - WARNING - User eng with role id 2 was added by root
2022-12-13 19:24:15,343 - werkzeug - WARNING -  * Debugger is active!
2022-12-13 19:24:35,129 - werkzeug - WARNING -  * Debugger is active!
2022-12-13 19:25:06,580 - __init__ - WARNING - User test1 with role id 1 was added by root
2022-12-13 19:27:51,506 - werkzeug - WARNING -  * Debugger is active!
2022-12-13 19:28:25,640 - werkzeug - WARNING -  * Debugger is active!
2022-12-13 19:28:26,333 - werkzeug - WARNING -  * Debugger is active!
2022-12-13 19:31:03,566 - werkzeug - WARNING -  * Debugger is active!
2022-12-13 19:31:09,038 - werkzeug - WARNING -  * Debugger is active!
2022-12-13 19:31:52,277 - werkzeug - WARNING -  * Debugger is active!
2022-12-13 19:33:06,394 - werkzeug - WARNING -  * Debugger is active!
2022-12-13 19:35:17,783 - werkzeug - WARNING -  * Debugger is active!
2022-12-13 19:36:51,535 - werkzeug - WARNING -  * Debugger is active!
2022-12-13 19:36:53,417 - werkzeug - WARNING -  * Debugger is active!
2022-12-13 19:38:19,100 - werkzeug - WARNING -  * Debugger is active!
2022-12-13 19:38:27,083 - __init__ - WARNING - new list was added by root
2022-12-13 19:40:59,075 - werkzeug - WARNING -  * Debugger is active!
2022-12-13 19:45:15,374 - werkzeug - WARNING -  * Debugger is active!
2022-12-13 19:45:34,237 - werkzeug - WARNING -  * Debugger is active!
2022-12-13 19:46:38,225 - werkzeug - WARNING -  * Debugger is active!
2022-12-13 19:46:46,764 - werkzeug - WARNING -  * Debugger is active!
2022-12-13 19:49:05,521 - werkzeug - WARNING -  * Debugger is active!
2022-12-13 19:49:21,868 - werkzeug - WARNING -  * Debugger is active!
2022-12-13 19:49:27,386 - werkzeug - WARNING -  * Debugger is active!
2022-12-13 19:49:35,893 - werkzeug - WARNING -  * Debugger is active!
2022-12-13 19:50:03,834 - werkzeug - WARNING -  * Debugger is active!
2022-12-13 19:50:16,774 - werkzeug - WARNING -  * Debugger is active!
2022-12-13 19:50:35,532 - werkzeug - WARNING -  * Debugger is active!
2022-12-13 19:50:38,992 - werkzeug - WARNING -  * Debugger is active!
2022-12-13 19:50:52,907 - werkzeug - WARNING -  * Debugger is active!
2022-12-13 19:51:03,587 - werkzeug - WARNING -  * Debugger is active!
2022-12-13 20:02:57,658 - werkzeug - WARNING -  * Debugger is active!
2022-12-13 20:12:59,132 - werkzeug - WARNING -  * Debugger is active!
2022-12-13 20:19:14,623 - werkzeug - WARNING -  * Debugger is active!
2022-12-13 20:21:03,548 - werkzeug - WARNING -  * Debugger is active!
2022-12-13 20:23:01,611 - werkzeug - WARNING -  * Debugger is active!
2022-12-13 20:23:38,856 - werkzeug - WARNING -  * Debugger is active!
2022-12-13 20:23:52,461 - werkzeug - WARNING -  * Debugger is active!
2022-12-13 20:23:56,961 - werkzeug - WARNING -  * Debugger is active!
2022-12-13 20:24:57,833 - werkzeug - WARNING -  * Debugger is active!
2022-12-13 20:25:06,332 - werkzeug - WARNING -  * Debugger is active!
2022-12-13 20:26:18,446 - werkzeug - WARNING -  * Debugger is active!
2022-12-13 20:26:58,686 - werkzeug - WARNING -  * Debugger is active!
2022-12-13 20:29:10,977 - werkzeug - WARNING -  * Debugger is active!
2022-12-13 20:31:32,009 - werkzeug - WARNING -  * Debugger is active!
2022-12-13 20:32:01,000 - werkzeug - WARNING -  * Debugger is active!
2022-12-13 20:32:49,560 - werkzeug - WARNING -  * Debugger is active!
2022-12-13 20:33:41,967 - werkzeug - WARNING -  * Debugger is active!
2022-12-13 20:35:46,064 - werkzeug - WARNING -  * Debugger is active!
2022-12-13 20:36:47,012 - werkzeug - WARNING -  * Debugger is active!
2022-12-13 20:37:26,427 - werkzeug - WARNING -  * Debugger is active!
2022-12-13 20:39:12,293 - werkzeug - WARNING -  * Debugger is active!
2022-12-13 20:39:14,656 - werkzeug - WARNING -  * Debugger is active!
2022-12-13 20:40:12,424 - werkzeug - WARNING -  * Debugger is active!
2022-12-13 20:41:09,024 - werkzeug - WARNING -  * Debugger is active!
2022-12-13 20:41:29,889 - werkzeug - WARNING -  * Debugger is active!
2022-12-13 20:41:39,426 - werkzeug - WARNING -  * Debugger is active!
2022-12-13 20:42:11,486 - werkzeug - WARNING -  * Debugger is active!
2022-12-13 20:42:33,334 - werkzeug - WARNING -  * Debugger is active!
2022-12-13 20:43:54,502 - werkzeug - WARNING -  * Debugger is active!
2022-12-13 20:45:10,588 - werkzeug - WARNING -  * Debugger is active!
2022-12-13 20:46:22,719 - werkzeug - WARNING -  * Debugger is active!
2022-12-13 20:48:42,490 - werkzeug - WARNING -  * Debugger is active!
2022-12-13 20:50:49,039 - werkzeug - WARNING -  * Debugger is active!
2022-12-13 20:51:48,725 - werkzeug - WARNING -  * Debugger is active!
2022-12-13 20:52:11,559 - werkzeug - WARNING -  * Debugger is active!
2022-12-13 20:52:23,257 - werkzeug - WARNING -  * Debugger is active!
2022-12-13 20:52:35,879 - werkzeug - WARNING -  * Debugger is active!
2022-12-13 20:52:42,327 - werkzeug - WARNING -  * Debugger is active!
2022-12-13 20:52:55,014 - werkzeug - WARNING -  * Debugger is active!
2022-12-13 20:55:15,076 - werkzeug - WARNING -  * Debugger is active!
2022-12-13 20:55:32,788 - werkzeug - WARNING -  * Debugger is active!
2022-12-13 20:59:06,206 - werkzeug - WARNING -  * Debugger is active!
2022-12-13 20:59:49,588 - werkzeug - WARNING -  * Debugger is active!
2022-12-13 21:00:21,758 - werkzeug - WARNING -  * Debugger is active!
2022-12-13 21:01:51,119 - __init__ - WARNING - User test2 with role id 1 was added by root
2022-12-13 21:02:25,014 - __init__ - WARNING - new list was added by root
2022-12-13 21:04:22,428 - werkzeug - WARNING -  * Debugger is active!
2022-12-13 21:05:24,262 - werkzeug - WARNING -  * Debugger is active!
2022-12-13 21:06:37,461 - werkzeug - WARNING -  * Debugger is active!
2022-12-13 21:14:37,398 - werkzeug - WARNING -  * Debugger is active!
2022-12-13 21:14:44,886 - werkzeug - WARNING -  * Debugger is active!
2022-12-13 21:15:13,844 - werkzeug - WARNING -  * Debugger is active!
2022-12-13 21:16:32,013 - werkzeug - WARNING -  * Debugger is active!
2022-12-13 21:16:56,997 - werkzeug - WARNING -  * Debugger is active!
2022-12-13 21:17:48,601 - werkzeug - WARNING -  * Debugger is active!
2022-12-13 21:19:13,213 - werkzeug - WARNING -  * Debugger is active!
2022-12-13 21:19:38,127 - werkzeug - WARNING -  * Debugger is active!
2022-12-13 21:22:30,790 - __init__ - WARNING - new list was added by eng
2022-12-13 21:35:27,404 - werkzeug - WARNING -  * Debugger is active!
2022-12-13 21:35:40,009 - werkzeug - WARNING -  * Debugger is active!
2022-12-13 21:36:53,105 - werkzeug - WARNING -  * Debugger is active!
2022-12-13 21:46:44,330 - werkzeug - WARNING -  * Debugger is active!
2022-12-13 21:49:18,305 - werkzeug - WARNING -  * Debugger is active!
2022-12-13 21:50:35,578 - werkzeug - WARNING -  * Debugger is active!
2022-12-13 21:51:32,284 - werkzeug - WARNING -  * Debugger is active!
2022-12-13 21:51:54,297 - __init__ - WARNING - new list was added by root
2022-12-13 22:00:07,154 - werkzeug - WARNING -  * Debugger is active!
2022-12-13 22:01:00,697 - werkzeug - WARNING -  * Debugger is active!
2022-12-13 22:08:09,216 - __init__ - WARNING - new list was added by root
2022-12-13 22:08:40,020 - werkzeug - WARNING -  * Debugger is active!
2022-12-13 22:10:56,963 - __init__ - WARNING - new list was added by root
2022-12-13 22:11:41,893 - werkzeug - WARNING -  * Debugger is active!
2022-12-13 22:12:59,001 - werkzeug - WARNING -  * Debugger is active!
2022-12-13 22:15:17,735 - werkzeug - WARNING -  * Debugger is active!
2022-12-13 22:15:30,306 - werkzeug - WARNING -  * Debugger is active!
2022-12-13 22:16:06,581 - werkzeug - WARNING -  * Debugger is active!
2022-12-13 22:26:20,908 - werkzeug - WARNING -  * Debugger is active!
2022-12-13 22:27:46,849 - werkzeug - WARNING -  * Debugger is active!
2022-12-13 22:29:09,590 - werkzeug - WARNING -  * Debugger is active!
2022-12-13 22:30:04,975 - werkzeug - WARNING -  * Debugger is active!
2022-12-13 22:31:43,765 - werkzeug - WARNING -  * Debugger is active!
2022-12-13 22:43:56,759 - werkzeug - WARNING -  * Debugger is active!
2022-12-13 22:44:02,003 - __init__ - WARNING - new route was added by root
2022-12-13 22:48:08,002 - werkzeug - WARNING -  * Debugger is active!
2022-12-13 22:48:37,914 - werkzeug - WARNING -  * Debugger is active!
2022-12-13 22:48:50,066 - __init__ - WARNING - new route was added by root
2022-12-13 22:49:16,113 - werkzeug - WARNING -  * Debugger is active!
2022-12-13 22:49:38,137 - werkzeug - WARNING -  * Debugger is active!
2022-12-13 22:49:41,480 - __init__ - WARNING - new route was added by root
2022-12-13 23:58:38,933 - werkzeug - WARNING -  * Debugger is active!
2022-12-14 17:27:54,162 - werkzeug - WARNING -  * Debugger is active!
2022-12-14 17:31:26,551 - werkzeug - WARNING -  * Debugger is active!
2022-12-14 18:09:05,380 - __init__ - WARNING - User eng with role id 2 was added by root
2022-12-14 18:09:22,920 - __init__ - WARNING - User dddd with role id 1 was added by root
2022-12-14 18:10:04,740 - __init__ - WARNING - new list was added by root
2022-12-14 18:10:08,630 - __init__ - WARNING - new list was added by root
2022-12-14 18:10:16,011 - __init__ - WARNING - new list was added by root
2022-12-14 18:10:18,771 - __init__ - WARNING - new list was added by root
2022-12-14 20:22:17,194 - werkzeug - WARNING -  * Debugger is active!
2022-12-14 20:22:42,973 - werkzeug - WARNING -  * Debugger is active!
2022-12-14 20:22:52,452 - werkzeug - WARNING -  * Debugger is active!
2022-12-14 20:23:04,349 - werkzeug - WARNING -  * Debugger is active!
2022-12-14 20:25:39,719 - werkzeug - WARNING -  * Debugger is active!
2022-12-14 20:30:40,246 - werkzeug - WARNING -  * Debugger is active!
2022-12-14 20:35:43,887 - werkzeug - WARNING -  * Debugger is active!
2022-12-14 20:37:12,801 - werkzeug - WARNING -  * Debugger is active!
2022-12-14 20:39:42,889 - werkzeug - WARNING -  * Debugger is active!
2022-12-14 20:40:36,560 - werkzeug - WARNING -  * Debugger is active!
2022-12-14 20:41:12,692 - werkzeug - WARNING -  * Debugger is active!
2022-12-14 20:42:09,348 - werkzeug - WARNING -  * Debugger is active!
2022-12-14 20:42:59,846 - werkzeug - WARNING -  * Debugger is active!
2022-12-14 20:43:12,432 - werkzeug - WARNING -  * Debugger is active!
2022-12-14 20:43:19,941 - werkzeug - WARNING -  * Debugger is active!
2022-12-14 20:46:07,211 - werkzeug - WARNING -  * Debugger is active!
2022-12-14 20:46:25,962 - werkzeug - WARNING -  * Debugger is active!
2022-12-14 20:50:21,994 - werkzeug - WARNING -  * Debugger is active!
2022-12-14 20:50:57,232 - werkzeug - WARNING -  * Debugger is active!
2022-12-14 20:51:04,699 - werkzeug - WARNING -  * Debugger is active!
2022-12-14 21:05:54,880 - werkzeug - WARNING -  * Debugger is active!
2022-12-14 21:08:16,019 - werkzeug - WARNING -  * Debugger is active!
2022-12-14 21:08:19,518 - werkzeug - WARNING -  * Debugger is active!
2022-12-14 21:08:44,244 - werkzeug - WARNING -  * Debugger is active!
2022-12-14 21:11:02,894 - werkzeug - WARNING -  * Debugger is active!
2022-12-14 21:11:23,072 - __init__ - WARNING - User test with role id 1 was added by root
2022-12-14 21:12:46,790 - werkzeug - WARNING -  * Debugger is active!
2022-12-14 21:13:04,497 - werkzeug - WARNING -  * Debugger is active!
2022-12-14 21:13:32,460 - werkzeug - WARNING -  * Debugger is active!
2022-12-14 21:14:54,845 - werkzeug - WARNING -  * Debugger is active!
2022-12-14 21:16:07,822 - werkzeug - WARNING -  * Debugger is active!
2022-12-14 21:17:47,506 - werkzeug - WARNING -  * Debugger is active!
2022-12-14 21:18:05,279 - werkzeug - WARNING -  * Debugger is active!
2022-12-14 21:18:27,341 - werkzeug - WARNING -  * Debugger is active!
2022-12-14 21:19:19,889 - werkzeug - WARNING -  * Debugger is active!
2022-12-14 21:19:31,471 - werkzeug - WARNING -  * Debugger is active!
2022-12-14 21:20:55,807 - werkzeug - WARNING -  * Debugger is active!
2022-12-14 21:22:01,772 - werkzeug - WARNING -  * Debugger is active!
2022-12-14 21:23:00,568 - werkzeug - WARNING -  * Debugger is active!
2022-12-14 21:23:22,425 - werkzeug - WARNING -  * Debugger is active!
2022-12-14 21:24:01,612 - werkzeug - WARNING -  * Debugger is active!
2022-12-14 21:25:02,559 - werkzeug - WARNING -  * Debugger is active!
2022-12-14 21:25:53,064 - werkzeug - WARNING -  * Debugger is active!
2022-12-14 21:26:53,913 - werkzeug - WARNING -  * Debugger is active!
2022-12-14 21:27:51,581 - werkzeug - WARNING -  * Debugger is active!
2022-12-14 21:28:51,265 - werkzeug - WARNING -  * Debugger is active!
2022-12-14 21:29:38,735 - werkzeug - WARNING -  * Debugger is active!
2022-12-14 21:29:57,460 - werkzeug - WARNING -  * Debugger is active!
2022-12-14 21:30:22,337 - werkzeug - WARNING -  * Debugger is active!
2022-12-14 21:30:48,316 - werkzeug - WARNING -  * Debugger is active!
2022-12-14 21:32:39,166 - werkzeug - WARNING -  * Debugger is active!
2022-12-14 21:32:53,832 - __init__ - WARNING - new wear was added by root
2022-12-14 21:36:18,875 - werkzeug - WARNING -  * Debugger is active!
2022-12-14 21:39:11,868 - werkzeug - WARNING -  * Debugger is active!
2022-12-14 21:39:27,583 - werkzeug - WARNING -  * Debugger is active!
2022-12-14 21:39:44,327 - werkzeug - WARNING -  * Debugger is active!
2022-12-14 21:40:06,085 - werkzeug - WARNING -  * Debugger is active!
2022-12-14 21:40:27,895 - werkzeug - WARNING -  * Debugger is active!
2022-12-14 22:59:16,684 - werkzeug - WARNING -  * Debugger is active!
2022-12-14 23:00:30,790 - werkzeug - WARNING -  * Debugger is active!
2022-12-14 23:00:51,576 - werkzeug - WARNING -  * Debugger is active!
2022-12-14 23:02:41,600 - werkzeug - WARNING -  * Debugger is active!
2022-12-14 23:02:55,185 - werkzeug - WARNING -  * Debugger is active!
2022-12-14 23:03:05,794 - werkzeug - WARNING -  * Debugger is active!
2022-12-14 23:03:17,339 - werkzeug - WARNING -  * Debugger is active!
2022-12-14 23:03:40,200 - werkzeug - WARNING -  * Debugger is active!
2022-12-14 23:04:12,318 - werkzeug - WARNING -  * Debugger is active!
2022-12-14 23:05:04,976 - werkzeug - WARNING -  * Debugger is active!
2022-12-14 23:05:47,368 - werkzeug - WARNING -  * Debugger is active!
2022-12-15 13:51:44,789 - werkzeug - WARNING -  * Debugger is active!
2022-12-15 14:33:43,206 - werkzeug - WARNING -  * Debugger is active!
2022-12-15 14:38:53,807 - werkzeug - WARNING -  * Debugger is active!
2022-12-15 14:41:10,375 - werkzeug - WARNING -  * Debugger is active!
2022-12-15 14:42:38,709 - werkzeug - WARNING -  * Debugger is active!
2022-12-15 14:42:48,191 - werkzeug - WARNING -  * Debugger is active!
2022-12-15 14:56:25,523 - werkzeug - WARNING -  * Debugger is active!
2022-12-15 14:57:48,786 - werkzeug - WARNING -  * Debugger is active!
2022-12-15 14:58:20,888 - werkzeug - WARNING -  * Debugger is active!
2022-12-15 14:59:46,163 - werkzeug - WARNING -  * Debugger is active!
2022-12-15 15:09:10,881 - werkzeug - WARNING -  * Debugger is active!
2022-12-15 15:09:54,269 - werkzeug - WARNING -  * Debugger is active!
2022-12-15 15:10:03,783 - werkzeug - WARNING -  * Debugger is active!
2022-12-15 15:10:59,303 - werkzeug - WARNING -  * Debugger is active!
2022-12-15 15:11:09,917 - werkzeug - WARNING -  * Debugger is active!
2022-12-15 15:13:14,079 - werkzeug - WARNING -  * Debugger is active!
2022-12-15 15:14:52,619 - werkzeug - WARNING -  * Debugger is active!
2022-12-15 15:15:18,623 - werkzeug - WARNING -  * Debugger is active!
2022-12-15 15:15:30,197 - werkzeug - WARNING -  * Debugger is active!
2022-12-15 15:15:32,531 - werkzeug - WARNING -  * Debugger is active!
2022-12-15 15:16:30,242 - werkzeug - WARNING -  * Debugger is active!
2022-12-15 15:29:03,312 - werkzeug - WARNING -  * Debugger is active!
2022-12-15 15:42:33,831 - werkzeug - WARNING -  * Debugger is active!
2022-12-15 15:57:01,627 - werkzeug - WARNING -  * Debugger is active!
2022-12-15 15:57:29,570 - werkzeug - WARNING -  * Debugger is active!
2022-12-15 16:01:13,551 - werkzeug - WARNING -  * Debugger is active!
2022-12-15 16:01:42,564 - werkzeug - WARNING -  * Debugger is active!
2022-12-15 16:02:51,678 - werkzeug - WARNING -  * Debugger is active!
2022-12-15 16:47:41,975 - werkzeug - WARNING -  * Debugger is active!
2022-12-15 16:48:02,710 - werkzeug - WARNING -  * Debugger is active!
2022-12-15 16:48:40,962 - werkzeug - WARNING -  * Debugger is active!
2022-12-15 16:49:02,589 - __init__ - WARNING - new wear was added by root
2022-12-15 16:50:39,323 - werkzeug - WARNING -  * Debugger is active!
2022-12-15 16:50:57,130 - werkzeug - WARNING -  * Debugger is active!
2022-12-15 16:54:59,290 - werkzeug - WARNING -  * Debugger is active!
2022-12-15 16:56:24,757 - werkzeug - WARNING -  * Debugger is active!
2022-12-15 16:57:07,173 - werkzeug - WARNING -  * Debugger is active!
2022-12-15 17:40:11,897 - werkzeug - WARNING -  * Debugger is active!
2022-12-15 17:40:59,467 - werkzeug - WARNING -  * Debugger is active!
2022-12-15 17:41:30,532 - werkzeug - WARNING -  * Debugger is active!
2022-12-15 17:41:50,320 - werkzeug - WARNING -  * Debugger is active!
2022-12-15 17:41:58,821 - werkzeug - WARNING -  * Debugger is active!
2022-12-15 17:42:33,943 - werkzeug - WARNING -  * Debugger is active!
2022-12-15 17:43:55,149 - werkzeug - WARNING -  * Debugger is active!
2022-12-15 17:45:11,347 - werkzeug - WARNING -  * Debugger is active!
2022-12-15 17:45:38,345 - werkzeug - WARNING -  * Debugger is active!
2022-12-15 17:46:43,130 - werkzeug - WARNING -  * Debugger is active!
2022-12-15 17:46:58,803 - werkzeug - WARNING -  * Debugger is active!
2022-12-15 17:48:56,050 - werkzeug - WARNING -  * Debugger is active!
2022-12-15 17:49:31,252 - werkzeug - WARNING -  * Debugger is active!
2022-12-15 17:49:50,957 - werkzeug - WARNING -  * Debugger is active!
2022-12-15 17:50:26,176 - werkzeug - WARNING -  * Debugger is active!
2022-12-15 17:52:01,902 - werkzeug - WARNING -  * Debugger is active!
2022-12-15 17:55:41,544 - werkzeug - WARNING -  * Debugger is active!
2022-12-15 17:56:21,821 - werkzeug - WARNING -  * Debugger is active!
2022-12-15 17:57:24,710 - werkzeug - WARNING -  * Debugger is active!
2022-12-15 18:01:00,244 - werkzeug - WARNING -  * Debugger is active!
2022-12-15 18:01:10,816 - werkzeug - WARNING -  * Debugger is active!
2022-12-15 18:02:13,733 - werkzeug - WARNING -  * Debugger is active!
2022-12-15 18:06:23,364 - werkzeug - WARNING -  * Debugger is active!
2022-12-15 21:55:37,466 - werkzeug - WARNING -  * Debugger is active!
2022-12-15 21:58:01,025 - werkzeug - WARNING -  * Debugger is active!
2022-12-15 22:01:50,798 - werkzeug - WARNING -  * Debugger is active!
